<?xml version="1.0" encoding="UTF-8" standalone="yes"?><ticket xmlns="http://www.arin.net/regrws/core/v1"><createdDate>2011-07-18T15:42:27-04:00</createdDate><messages><message><attachments><attachment><data>JVBERi0xLjQKJcOkw7zDtsOfCjIgMCBvYmoKPDwvTGVuZ3RoIDMgMCBSL0ZpbHRlci9GbGF0ZURlY29kZT4+CnN0cmVhbQp4nN1cS2vsyhHe+1fMOhBH3a3RSHAxjO3xIrsLhixCdrkJZBHI3eTvx+q26qtXd0se51wSDgjbkvpRXz2+qmqd4TGc/v3wr9Nw+v3w8eMU4sf1sqzXX385/el3p3/mm+u/X//+8Pz+cJ4e59MlTqf3v57+8BZOYTi9/+3PPw3hKf40xPWS1su4Xs7rZVovl/Uyr5dlvVzXy/N6eVkvr+vlRs+90SPrw2FYL+HpL+9/fLi9P/zsrieMj6NaUVgXE9I2Qh4wrMsK67LCuqywThfmbeKwbDfKw9dtgHJ3XW94kW+sKw83uqHuvtBrN7q8bTfiwG40NzfEx4vaXAy0uYnESDuMcVtCTJt8867zIzE/cqZHJvtcFky8ECJJvBYB5KvYcB4lrjfiVcwWMNvz9m6+kQcoj4xNIUxL+FBJJYRUNOPzkifOkijITbTUF7neUUoHq5zEjbzo+EKDjkJ9mYxpD3m2sq8ryW6SIL1uz2VNqODTlMRlMbpeJiGZ55nijZZFS8024SHCtP5MA3TW8XHViBTFfqtoXyCFyngxwY9SH2ZnlfOm8HEUo2TjLnsF/qN4GKOUbd7EbHAH7JFX+Rott3ikQD+Ndo6y+jMpCw1aJoJ4PdWcaB8X8VyeIw00ZWQj10AafJTW997/UYd1HB/PGlZadJHsdZN7IPTURsry5a8ehMwhKUOrjRdhWasQUrb8QOIgb5vidoGX8+5m1cG8cHquIkBN+hpcdUBlQdnz02wJvpzM+ONuDduPMO1B1cM2ra8pbCnoMblLK2TObAei8yZohgrcDmLqK8kd3po0H56ZvSGtId8oK6D4zpbhkwjunQpRgbEtGypptHPUY8gsRvFEku22LAPWT366Faxq8J9HF80e/DE8Rh05pE25brbvNAstIF1h78IJywjDWJJjZ19cBnQFg+INhll1uRRHA0w7SLU7FyVqhcbzcnlctJ29CuWrhsa4iJm027nDEwNlcI2id7CkN9JP8Jkr3bjSr/mSV78+nB1pINLBvDg8HXkYtTftUhAQIG0MgMThIsaDSnT9VA24NLjIdWzqPE/GpkqcJsoHXqISHUVYyipnuTkvkKhRaHPsOVgD+Uam6q/iOaZO4/aGNhigstDCL2JBnh/ULEh6urKWGz0C5oqIGsUKoLL5tUQrZUFX+YtPC6uBPkYXwx7ol/FRJ8AgMXAsQeLjokdCZcrc8S7n8JiqyS4LgTeSqgyBez3JDgrOXDEmopF1Yq/4W5bJRJfLJkBwAaWLyn22M01Gpm5yKOyI1gyKU4I1pXSI3Yqw2C3UMIujC1pPx9JidawpHeZshw2uqifRXviVtknKwUam8gJDXmoDC2A38Zw71E3IuA1I2Qcsn+iXyncRp1UEhNZoK1E7Ql1IOhGYp8joqoHEh6+HdzTM/FtivUulID7KZ5nf2EkJWShYNvFpG+wTMlY9kqkxKm87jJ3lkQBVBrxAmlINoEoXWrXKJjPXWPagD5Nx6FXnzXRTCZdYHNt9O5KMi562TkuVkMCt/mt8lf2qisuHCQGUDI5uB6FSKdwXKd13ZJdV/jI7MHbUbZyDKSDeSa9aruIqtlbMU1ZqY98FVGs9aX0jrWtJlyfDEDxNVhqwg+QMlNQwfkfKCXVWm1Ypjw1wzcKdRakH67TYNsFhWEsQJLaqeiBwi4VigO41o0LViFH0TJLLFFdHKV/VEFW1jf0NJLxWqlFxpODYJDlszQOt+SZmc4mu3Hmj01HM2QDZQ/48m0o8c07eRl7kemUdcyAIGZF0vHQg4gdnpwvVOwoeRLuK1jwLVNTqVUQszJ7UKVE1kIXFPAB6HM9itqJ74HfSYyWkTPJvzMPXtItl5J1mSs5BLYY90MfJtoEcE7vHYGCKiFeoXtbJAc3LcKTURWvcHYX0qmlD7gNCTdvH7wwwh2Jaj37FZHua399MNGAO0s4gsdB0fPd0S6uU4Xg07lLzbeR2+YPMU82mS/nkNBoWnEm/RbNnwSGYTlu1nqZUDswZ+TUr6DabTkwmkx2gyC4rfR6P7MLzjcW5UMWEMTdJt1RBt8MiaZFMz2ooIwYpf5GoSuwVFViG0vRxm0G3A7YBsoN8Whbbhxs3UZYSDqqBih3X2Jeuu8iwhQ45i9BSV8Jnxrg5cL8jud19oWXAbXvFlx9Fr9sNpb1uZhNJs7Zj4evhPc+28fZDqW+QflATd0fGEJYqmFVrD2zNc2UZ2qnB9Tj4MPOEWSBBbJ4XwJT7iHAbbwNfD+/LZD37EbxV50VXRHGyZ7bSvj+xondRqvOSxqqxMcJXM8BqaGgnakVvEVtkdFPUHFrt0gNw5Xp7KAd2i2YP/mk07d+9mTh0VhkHnCsCkzIxlmw55M6rYh91iy0vXj33kWkjavAe8YJCK+e/t3yoqnAHa4Nt+A2aPfjPyXj7QEwmXGqLPiRt2TFFCPWOkR0/WlUFmJ1/lCFkAI0429cKtthqtdNC3eAdLSzViwtgR6QmFdDb3t7A18N7DLZT57ThmLG1+dD3CVqdxICPV++q5EhrA6p5slionkuke6qyzXidlz4jftGvqda4Uztqzdbsx1rQeijHxZ7p6W9Eyx01hH7dAxBC7giD7DiPtCRFvndUY5CyqVag202WIg/IJFA2RITe2ZdTsUrFJd2ybZdV0jAZe0xoVJMAB6mViU4ZwaUiYap6Id36csgyC29yXs/h6kM84Fck1ENcwuP2SNtVl0rnkOD26AP0T2EybcBhyzyvqc8282oLZMdG42JOLvcRq8fdw82TvXJ12fnb9lqVou8rVRipHz30L2ajKrtq29+XRofZQasH7pxsl9xpXDA9dPIpz2V7+TPbldeTlEllO1f+wiJHmmhnteeQnwXVUv6t3n6Vi1Q6qKhqr11tgewhfwm2s7mj1exg62aCR/BJb2Kvu/m6Er7MwLwcWB+i9fYLyiwPJagSrK66jHT31Y6MFGEk35TqAXcYXIB6iE7D3Z1qXRVQ50qdjXeAuacRJT29ZkzXJ6sBGEUVtImVsdigqm04iThuz7l1E3lYXjcJSF0AtBVT25IVjD3UP14yX2l+UYflqcLqp29sQ7LDXBV9PQU9HDmOO/5jFX7J7OJVvub4I9s4bwdog1cP4I8EWjtqVcJRer+7VxpDsrrz/BT/zz6pyB3nnOxmB0io/w9/UmGR62nREEx37J7zdx3NCpfZfvD4I47TZ9/9vI3CSOM6ihv7HOpwqKOw96ztjmNzLpGi8epVvsNJRe9TuHx6xmLY0bEwTUbHqqdY7jn3uZclssLQYfIP34Pj3Iyif36wtu3I5ODC8r+WKldXsOfM9DhHF5EehOezKbP/BjblkXX3nJM6Y+iwSAylz9g1c35tMLXD0jinUT94LImh4mBur48MeiOpzbKrBa2H8pisd/bosKJ8ju9RpM49QlNNtSB8UnDVjWl3T+4+teQdUuwe/t8m39kO/JILaDZTLHw9vFOwvdOaq6x/x9ukxqy65zTWWVcN0HhIIXOXXe4vNPmdBJ3B0MyOdsT0HcVvfbwM/kJmVh1X/hmNDYY90ONgXXk1cP5GPn5HXPZSRJbrOGk2K044pff2F1YdXrtMxpC+50hXpyi1M9+rHk9kaRLtV+UiVQ/NfAF63tI16LP5uKv+IxDpTNulGk+lqiFzX30lehB27Gg+2w+D7xWL+iIAA+w9vuDJptsX4u/q8ymO+qkp9VkmMBh4DIRx1eNrnhpiPlGaAovCkhUyZmdKvc1zJwbMDviXZLqe1T4+dlUOjktdR0HxiweRikTetosWvaQu6qtGFHM9/8GQuNpVMXRAjFXi69Rn66prPtwRTo4kmeS5tv2ffuQCiQGuA/S0P1R+H+1vtzfwlbwXf5W1KzZa745LDDsZqMpj+x4Pdo+JQBLQhWB9htHdYLOGOtWznZ9P/wH2SroUCmVuZHN0cmVhbQplbmRvYmoKCjMgMCBvYmoKMjkzNQplbmRvYmoKCjUgMCBvYmoKPDwvTGVuZ3RoIDYgMCBSL0ZpbHRlci9GbGF0ZURlY29kZT4+CnN0cmVhbQp4nN1ay4osNwzdz1f0OpCO7Xp0FVwG+jWL7C4MZBGyywOyCORu8vuZsmMdSZbtrplZhYFiuh4uWUePI6nc0R/+efr74A7fu7d/Zx/ejqd1O3777fDTd4e/4sXt79sfT5fXp2k+LodTmA+vvx5+ePEH7w6vv//8xY/P4Ysf3g5u3f5zb4cQ/5u2c6ft5307jOJnvM9d881hyVfjOXfLP/28HfDslJdKj8XDy/Mvrz8+3V+fvpoiu3A8KaGHkJ77b9VhyRLFjcR3ptet+XXYDa6mc9csoD/TKiMJfc2KwZbiz3CWq5zzyvFCVId/IRWN+Vy8mi6c6Wc8XLbDdvOwrTL6rGjI19HTfFqPo9ZTVTH3LAIT8EzQn8TmAqkjisoeI8NgxrLkt8FimFKjBNKelD5dXCreF28Z6FmysSQuCc6gudF6i7TFeylfgosWTXhvzw5OyJd0tdLhQoAsdO4s1KQsn1nSPQlUw3FcTCC3BV//rCM/n96OEnkFQ9wS9p+EPsm9whZhKzfC9pqvMlhHwpYeM51+EWaSDmRizIhmEmM0rpKLwZyCfAczuysZKiSl/yAQ9AIn1y4w53OBbCDUzL3Ucw3qwZnI9aB+O3orgquYWvUkxGilhBxisviXEuq01/m5QLTtWFUxcLO2lUnYKPN0GIcMzL75thhwY3D1FAe0fT/w7EVoyAeGfA3lMJqg9VAex+NURTkF4bUUP6pN6TNZNJ6dnm3goO20wCRuYb7n6T+kgaV0GK3Zq5AKW0i2R4sibCfHp/yNDbJXkiUlSoLwQctjv5YZQ0j27ET3Fc7QRrkArYfyEIqw/SE/o+gcHSbp6Ur3ISzIfGsl7KrLMs+MC1xIs5YvU+xWaTrh7aT0kmSBkSoymojnTdoKjJcCPW6JUg0kqSao0QYi8Qr5P0G8qrk6mBj2QA/+GDToe3QXzmIPDNvt3EjpPFl+mzJO6+m4auLghOn//6h1POyj1tNpPOq66SMJErlMxTZlBNCnFcbN4I1qDjkerk4EBgGdxYUrmQ2ZHPMxWSwomgaDtLJJuuUuJEDIfr8EzXhcgtZxzWkOhTe0iSNYh5nzZDHyaBjHzWm9Wp00qAqcYgCjBtUaK1qILK9UGGekqx3LG2WOCkUqm+5UUyP/DjZ8Pbwnfxw03kZp8ajuVGKx8urg5X03Mnr4bb9e6UWroFnFcJIA0GvhyioauZe8cbhjQPEvKyQW9qhAtjIDCmmd+w3mYrJ8WSYgyriQlRs8vTKG/e2VMbHHQ3p2zgJV71PpoVo0mdyWyKyjfCXsqG3FYRedmPxc2LBleCZvM7ojDn0hwiltCDas4g65PsPkJi8o83uf/9eryniQtdo7OKn0AiuLt8P9Q5EqZaYCtB7KbixboGB6Rs8GNqnslHGtPT6zT5UIZmiOIb9RokKKaWeIB7gVKI8pH16JQNZPwroo4gqrAewXE68OwONaJCKpwwfa8tUg2mGMkm4pR2T6B2fF8orCrkICqN5LIaFrxYYtTGBWuyy+kyPHeS08KvXcUfl4qRh0kBHg11Jo7Qv9QkibcrPoAXFPdvGS10sKvOVzgywEHfUBsAoL1ZJyshKLSkxEfWgjLSUnOsqx0z7AFCTyOnPaO282y0sge642LUUHtdo4Y6ME1be4iw3DWxWYFieM5/SMAYDIQcgQ1UGRp20hSGQgWJ6YXEBZjJvRZgGOihnKMo7VGXFb1FfRlOwqpDLLW5k7VPRt9M4T8gWQPeTHuRiQmXE+KjqmPiLkqdybaV9KCYgN0iSSY0n6U40rnzNrq3bodIONgpC1jwcCxKf1DJpcqQSth/IwlsMw2T1x1CmCzaafxn2syPX5wFCW+cyqV9hoYs90MlAJqOBqG2qUj1EBQmBAVSYZkqrFWOViVLZ69kD2o+pUZSaCLzfrnxK+Ht5hKOI5FI2E+Gjrv0MchnUtm/aBVAvXvJRLO1QmY1Z8gh6+LdX4QB2kZvqsHwow5ByUddUBvdGMRSR5gH2arUqkQVjqJGQBk2PtjY+xxaZ5lfB1zGtYlrJfT+glByKvTMLUGkdMRdJxWW7ARij6Iwa0K2WLUSX0VNPJgrpaZUtJ1Yc8ehRntHaUXYBLskQnR4rKphiTkRWlGD02hzQlhj3QT3MxfwU/coaUqjOigw1ir/zcRBW1u75X0XOsGvwJKcOrrQke25aK9Pg4yGWzM6c/qjE8PZe1g9SQM1Koaj6zz0tk5m10WiJHLIHsIT+P5UTsfWN1OOq+KjciH/cadUKxwVHsTuvJ0fgYxAXGV+XU1UnmagUSy40fbpQYXwipOS3GPcwu7rQKVi4STPNTmhK5HtTTUET2+pjNqM9YC7nGlhPpMlyWGYwsB0wubYRPk7Q3M2qP2IS1sPxBWmAnO2Ggp7x3lgLWGoOfMzM2K7p4LmKBIjqStihL7JfIPpWV1JSR7if3OsJSJFa0XCzVrI5K0HpG75diXsC69fIzRvbFJhKu8XEchgasdqqSBAOk3LHLVz9lQGAZggIdqOjOhEymrLVBilATdK0XLFrNj+jaqe+rH+l+lED2kHdz8Q2D+SHlJespKQt+Jjk88xWrd9VuHMrJ30f6wfrDA2umtZt47uo0P/IBSViGwu0GOfMQnxPyvOJl1DXLug9ETli0o6Gn+rJI27aRZlIlTWXiA11QvVUKJCoXmt8U1b6xYMtL3g0ClDbDQW/SihK5jp+Fky8mC+/9iLnK1/dMbpWfKfitr/BUMlX9am7qXw//Asvs/OEKZW5kc3RyZWFtCmVuZG9iagoKNiAwIG9iagoyMDYxCmVuZG9iagoKOCAwIG9iago8PC9MZW5ndGggOSAwIFIvRmlsdGVyL0ZsYXRlRGVjb2RlL0xlbmd0aDEgMjE1MTI+PgpzdHJlYW0KeJzdfAtcVGXe8POc55wzM2eGYWa4g8ABHJREQBAV1BiuiiIYkLc0HZlBUGCIi9c1dX3Je9RqEOam67ZWbFuutUbZoilWZq1ZUrtdtnyzdi2yfVu11uD0/Z/nnOGW1f7e9/t+3+/7GOfMc57zPP/79ZmphrpGNzKhjYggR1m1szYvxi8LIfQaQthWtrJB9tG1/BrGHyHEJZXXLqvu8aBZCPEWWPPEsqo15TELJ06H+xcQst9X4Xa6vnkrfgxCtxTA8wkVMBGp1Ojg/j/gfmRFdcPq1YF6I9w/BvdbqzxlzpRS3USExiTR+2rn6tqP8DEB7jvgXq5xVrsv3nNuCtz/GW6v1nrqGxagTd8hVPAafV5b565t6ny5C+57ENKFwRyGF/0zwVCk9xzhBVGnN0hGk4/Z12K1+fkHBAYFh4SGjQiPiJSjomNG2mNHjY67ZUz82ITEpHHJKeNTJ0yclJY+ecrUWzMcmVno//G/DnSWvdvx/fBZzma2cBsQ1//qQKfgOcfWdeCzeBt+HsaHUC9cN6OvsERexhNh1Al75/FRMNuM9rGdzeRvqJG8gN5CZ9B7MPobTiOwF7+FovCHAG3bABbSCXen4LqOdJJ5OBJXo0fwkwBxHeD0oA0cfHLFAPl1/jzMvo62wGs3egR5YEwp2wz0f4CeQTvQVfQgdxktgPHz6DTQoyCzigN3o+sAqZ2bypXDutMAbS/aizejblTPIyzByotCNzcGoD4DHCC0FO0TuoUHqTzgs1v4BzxBKFzsEP11McAFldsh/AIexxWit2D/OlRKFpK7yHu4iY/hV5HLqJlDZAlajs4J3aI/atbFoGaxHK/hl7DXOsoft4pfgtvRZYC5lHwD91FA2T7GMULPcMVCoVAIPJfD3D52bVavogW9Tm6A3O/nFDydzyMZ8GQdX4AeRAdh5yiQDEIekgrYPWidsEt9oXZ4jRV2kRaAz6SBU7ipaB9XjncAtddBmh6SgyYCjnDhCmrCzwDdSLce1QvdCPmjZ3WiwBMOo3jZcpiz57sOO26bJ78yP2ps/LBb2aKTD6PZh33WyB3ffTd7Hh8mzD8sjDhM7PrDvD3m4g89vDg2fubseXIHDsrN0cDmLsmByZJ5MKR3MA3zuTnsGcV6WLDDv/wlh+WyCnm7ZXtM+naLO30s6LxCaeErhEcgeulQ5AuIx8AMErH/UawXNnM8Suy60DMOWS70XOhJ8rNGWe1R1qgKHvXWk7DeT5QWnfmbr+rEOOonGO3+7mN+KkghHMU5gnyJDaAZWoPbLHhrhG+EdRwXgZIiLL09vRTgpeSrPdagNICZYvUPDIrAKckTJt6KU+mtqDPjmOjYUQl491mTr7xmztzVUb6mV9PystqXV7Zn56ZzU8mDvabqRSGTp0yZHLKwilzvrfjkxYzJ6emTbz1NaQHPgph6HmjxQyPQcsckg15HJNFOeCLYeZ5kiTwKIHxAq8G/1WerkResgQaRSMSKRpiJFJLMW8f5SxGmpHAgN7m3i1JqTWOXcShxylUQhi2NvpJA5jqL8IXOYv4CHs+PxhE4yC+GJOAx2BpjjUrmA/xFbAXeUsfHxnDfFNYUn/3LkVnryl48iw9cx+Kv+t744P57W+/jXvT3HFIq8JpfLerbJnT/9c09x7j5fVd+fs+mbSDXHcBLHvBiQNWOETrMYU7UiVk6jqBn9IKIdZyVH6ezoiSJCdeaxojsSU7TyOPP0Pf86CNBGONFjtggLlgXx8XqJunmci5uua6RW6uTgsVYHCfm4XxxLl6GK0T9IrTILwpIt8IlZgekhW9OfYcU/Smh+9sU/vUbY/jXv00BqzkEtN0FtOmRFcloqiMmBLVKhlbbVtwq/T7SagyJ9NNzAjJHBArJI8YZUIQtKYoJFWQIEmO09vRc7bFcSUvqFxTxDuxRyYEgQV0EDvDn4zC+68vDLQ8/9uXnv9i8aY8yAz//yTebN+9+VLmu/EvJ4870fbBu1y+2ceXKrbXr73IdeukP2x72Dzx34Ow5kOEZoFMEOo3I7vCTuFa0Vc+3igKeSCJ0aKLBBBYONCVTasAyk5P8ogLA0gOiUuF6hkxVXsZpvadwmvKy0N3+7Yb2dn6TavM7wOZnQNwbhf7DMdXHxJmN9ojICL2B00n2yMiILMkYEcnjgKf9Hw1uteKn0aN8q73F2jY6QjJGhulQbFiaeZy/Li06aTRIpau355LVlsakYrl0lYnl+hXqJkyRzMb6Te2InqPqlHRIByZAdBwGleGABHAdMcA/MBIzoVE/SmXeBfJMxAk4dfzIlORAcnXhc3c2H6p+YPmbJ5RveisvrKh/vaKtvfH+qjdewD4fzukUDr4+eUrTXWUVMcHj3vxD90djx76Tn7NtXe1KOSSx88Ar/zVKrROYj5nQRUeOIAoGycBLBiIZJTBRoxH8TafXgb8Jer2OsxPOhEzYjkxZksARPRHRM0a9ySgZ9GrANOpQ4mtBzHZ7p3R5maa+pdfebAzGLJzRwT8YghCCDVQId0aSSD5SSiSJ/Bgpg2Twk6QF3ALBGGSM5W4hdv4WYbR+jMFujDWlcukklU8XJuvTDeONE0ylqBQv4OaRufwc4Q7xDl2xfq5hnnGRaZm+wrSGrOTXGFYaY0Cw1pQwTP+RGCOOOd3c/tYTzac/PH721ePgDzkkuvd9vvPGGLKql2bsbWAT0yF3GVEQinH4iTttaKep09YWbLD55hBbwK3BlqtaFKQaTsJMYaqKRiXbrBYuJpqzWmxcxc777tu56777dl3++vpnl69fJx+++3b3e+91v/3uPuVN5T+Vi8pbeCymmk4AW8TLQR+bAa8VFQFWnZEgK2k1dxpO6iRRRHqb5UIXs3DAeuE1iGdpSQ67BVmwxSojGcvWJJSEUyxJVgdy4GyLwzobzcazLbOttkVYtSoIaSkBt4IxBQbxmyevzX/i6HPPJRzfnLNyAlmTcMufX+t7i1/y3qoN0SNV34Cakj8C2dGITjvS9UEGCFaCLkgEQwkinD5IpyecECSCMXB8ECFclh6G5CR6SBL1YBGiAYtiDso1gbB6kq2qZfRcChoUdMEo4B/vNY0vqFPoqD0Ui5xeH8gFC8H6VG68MEGfx5VzjdxKwWQgen0ICeKDhRAxVBesH01GCaN1k8lkfqKQppuon0HydfPF+boVpJKvFCt1a8hqYY24RjeCxsMUK04x4Biss8b0dOKPP1KmYdDB0m2don/vOnxeWdCXx2VtUjLABo4A7znAuwH5oARHiP4oMnVJD6GTIneUJwVGLAoFaKakM1suTLnU0zulhwWeS73MHPoDD04JiIHI+w6u7q3B1cpFHNnRwS/pTWxuJllc9mUq41OAJwx07ofiHcEGM0EEizutnaaTEmQJNMPHIBrz/EGCydTeEqdcYlmXhtoYK8TXITrlw55bftemHR0d4x6r/+3j3NG+GdzR1nuf/W3fFn7JY0vKLrK8uk6ZztuYbceh6Y5RIaaIsFEGYtvhF2jYGRG405fsHNkZ4Xtq9MlbRoUg0TRNtNmipt9iudoFBp+cTE3+Uhc1enh1X6GxzkqpUUlhPuDnzw3ErKkcrQSoL1CbS00hC7Zs2nJv89YNWzqu/K3gUMnSA9kPbI1/sLrrs8+6qloSO7i0c++8c+7cX95VPuhVekeEHU2IP3hYv/7OhTgd67Aep89ZcL9qm+Xgo7MhboejKY6okFAUSEJbRwS2Ep+nTUcsrYYW0hYRFhJhQhP8ksVUVrV09Xb1R2XlAqUdHMgO9MnIakGQqIJY7FWJnTDRGpMaxc++7exK5ZLShR04/M4nZt/Wvvj06eMvZbvj/oL3rps5C7diD67BbakTzs3KV84pf1LOKN2RUfj+Q4zGU0BjGH/nMN22Sfikiep1BiiY6VbNW1pF5S2paDiBQUwqq6VOdayo/fn2554b9/hdTzyGH6PKparl1nx78DGn66JaM3Uqc/hS0K0FaqYUxwgB+YfuNPvv1Hea2/ApcjLcajNOC+KRyOWFU4tKVkPYJRbEqBrt/bakxrDYwXrFqyBWtLnO/u3vr5a34X9sabpn+/Z7mrbs6jsjSs0lc5WXlM+UL5Uzc/G1t999r/vC+++qekoE+z4IOUaHRjjMIs3bPE4nEShd0EPKZkbdn66h4Erk65WxZ5UxkKVvdAtjVBjMR8AXh/vIQzf3kZ6b+oj1J3xE9O97hDkJRt2gNxHkOAo1OhysJgjSSoIgqA2ywiOCWVUQgHbgE7z/joATwTut/E57J5QF4WpZUBQmmvN1on907mjVdYaUBRbl2hXLtSs2qEdtQ0oDbxE6rAgQBxcBiRytASbQGuD1ogMl69ctfHbGtl09b5YcXb7shdK191zT5+7/xbuvLjjEpz2TkHBbycwZMebQfesPHYuJ6UxNLZu/cRxnjty94VdPRanxAHi1gWypzSQ5Qvttps3ciR8izFqmgd1MD1ftlBVY/QaD+w1Uc3HsTYNAPlnQ0UEN5vJnr7r3Kr5bm5p27Ghq2krOc9n/6tlVMhdPxgHYiifOVYxvv/v+he733qX0NAE9MVp8qnHcAtVRqGwK9tWho8G6nbaoHfLxcIhQkIt9cDAfYpZEU47MiwG3Qoii5Vdyslo+d1262quGKZonbUzQjvCkyCQ5KSop+gA6gA9wB6QDxoOBB4IOBB8IORBqXoT7bX1i6kSv44GoJ+NUpg9dqpo6IzDXOfVXv15b9eCT+LnnJj+98bevffvPr/E9u+88cUf5sXk7Tk+NlbmUu2rdtW89H1fQt+mQa/GLB4+dDL9nzYTxHaNGFRcn71btugL8dRO/BNnQAUeuT5DZBzKpZOQMJppNrUE2ZLME+VoQ/bBafMw+vkFms0+Wxc8HmQ07daes5pN+VouvD60gbXpbvjnXjwqBZVq1P0sb0uIMLsMEtRRlKXeSjabcUN6y0sLprXpbiCnEJ9Yc6zvJmm/Nt833kWhdKuo46OrG4FQqHppFIZYnTCuLTti+cE/1bQunKUWncAGedgpXNB5XvkkvLNx7Zxdf2LuHVDFe8W7lIvcVTkQCCnYYya/RQZHwOByJtDN9Dejt7YHaJYDE+OHrvaf3luHEc8omvEGV0xzw/zWsTm1yxOtBSDqQD/g+NnAczpJoI6WHXsooGKAiwQIUS3yiJKIkH7Wf0iqP5P6alBagWldFxyACXwmjRY6Rgl4yBOFgEqQPNkA7RWL1cYYJOI1M0E8ymH118JLIIgx9lQHTaAWVhDVmDjYDJTz2PaZcb1OuPS909+m5b26MEUb1fkH8bvxFywN2sOkQlOgINe3wOWFBO0JOBO4klp2GTtIW6mczITEvFCJFsreoVK7SCHGT9OS1UN4+45fFSq/yHrZj/ra9hfm7F/3u+WNPLHkwM23MGDwJ+8Nr0i3xL2amf/TGuYuTb6VypHXtRMiZo9E0Rxzyaw2QdhgO+bSKkTvkQyNaY1rEtoDH4wL9EPEPiYi1RJDoSH9DZJylt6tL6/aAuJ7+toZ1fN/vUVQTUUOA6jG0hyb63fuUz68te3tZ+UtLDx058uDevTv23X/P/M6KNX/MfxcL20jkqJcf+NPnsSPPpI5v2fXztkNrq+vXjR79vCy/94d1j6h2cF3royUU6/AnrTzXKmzVoVaDPkaMICgGG8GYunp7tB7wQk+SPcoqpNpTaDkGWkpXnsSzX8UTel9p5xsLOmbc6G5X4T4IcGNALiPQbSCXEXYoc4NDQklQmB1q3SyL9VGfVv8WHrVyyAKdkRQRFG0hI8NBLr09J05AZNEQXn3N62vMt4QvgpLnR9tpKTgB0aORYSIBd8KN3JO9jcdwcKorb/fGO16pXfay8z1snO+a1N3e3n4aJ9y6trVo/b1Z2a+NS778xyUnGjI/RdCz0xhZAPSy/gRLjlDyG4OtNcLUGtwS0TYyICJMjEJh0b4RUZEjwQNAEJYr3l7lwpUkx9uJKBEncrTZShQSxURdoj7RkCglGjNQBs7gaPuVIWSIGboMfYYhQ8owFqEiXMQVSUXGxWgxXswtlhYb96P9eD+3n+zn9wv7xf26/fr9hv3SfuNT6Cn8FPcUeYp/SnhKfEr3lP4pw1PSU8bj6Dg+zh0nx/njwnHxuO64/rjhuHTcmPdDxGioyGJ+sbBYXKxbrF9soIh/CNBIcEzM8qKaMP20nERLmcFNGf541oRJs4vSJs1s2rVjx657d+y498tr17788upV7srE2bMnTios4PYpb0Al96ryBk7CE/BEnHRAWa1sUn6urMZb8d14A97KYpoLf0iquc2gEetRdIDjMeKhRWOnbdAEgM25OEPf19zmR8DGmkFnY9nZ2lRHNK8LD23VWXdY7vVv9aE1kU+brj0CqiLILVI0skRGUOPq0vR2SfM3pQuiOSuUqAmhAH80xPGocZ3jrvZ1jZkb/3dsUT7+etXpwoXPOx/9w7FHb9sLftOu3G/xVa581qP8Q5ZfTx53+OCBI3a7dgYyDuwpBDqd0JCn0ZEhdXSoX7IJjROTQumxT8/gg40fqZ75cbMO3gG91SmcgcPvODhrRvuc011dp+c9np8aF4dbcC0tm+Pizk11gKhfh8L5DcdUWo9gaIq4T/hR7DwzzOHDHURP8AdFAYfzCArGKeoJz1WaLFhRF4Mv98IfP0o5r6Qp59Q62A7+/ATImoNI8aAjE9lBMQLP2QVeB2/RLgi8wU4kPbyxXSISsnOIECkLEV0rPky2GiCR6ER2CGwQEiWj5f0eNYdAf+dNqFoiVf8NGrGMqiMso0rIFzXDiyfYyPHExBt0ov4evI2jh3OYQHuIY0gUieEqunG78vtr+Mz5mr5rVeeFmD6ePHljDG5S1nlrtHmQPwIgQuU6YqHXwRC5d4mBR6EO9sEvhuz06/RpCyfcCIshUET5I2wWrV7romWnqrJLrGe7eoW1PTggSssjAV4Vgqfo1DKHn9f78fEn552orjx1h/Kt8i6W//H21x38/VubnrBwdy4Qn31lUtqzkGTSsB82YYfy19MHHz+8z3ueBPWMCVsduUZazBgkmqmNEojfAFIXg+iBUpB6oBSkHigFDTpQOvlDB0pXf/hAST1J8h4s9efynUYDb4xEkTicCyUj+BBhhCFMCjVGmmIRZHYuVogT43Qx+nhTGjdBSBPTdCn6KaZcfb4hzzjDNEc/zzDXON9UzlWScr5SWG5wG1dya4XV+p8Z6oxjfaUQjh5YhQiRUqQ0hhsj3MrdKkyRpkvzpeVcpVAhreM2kDX8Bn6t8DNpgxQMocl7/oTp+dPRUwd+efDUUeXG4aePHOaX9K7isvo6ybZvD3DlfXvVeqld+Yo0ijbkgyIdvuI+9JDZR4eITUTBkpmedarHxKxsErkAf1tQTCyXOt42kTQ2bd7cdKB1z55W0XZJmfzpJ0r6p1fwqY8+xF09AHchwB3lhaujcHXYqEfBvM0IcMHDB+CmBNoC/DldzARb6ngOL2QwDwB00dajTPnwojKl5+/4pY8v4ZdoDt0MutcLD0OPNs4RbBb0vuQosuKT+qOS3mjgoI2w2Mz+4MBdvVO6ktVTY1AqQwdtBA1q/oHQENCK20rPTrhyfFC5887GcxfPtSvdeIzwsHKyue/Az5buPnSWW9KMbwWcBwCnJEYCL7EOPwMi0lHTaXJUICKgMxYYqJx6X1NxsWP1JDwEB7fhjvnvXP7NH5S/4A9xy8/u3nfhJPnXfVq/OYr1m+OhI7Jgk/6oiHeCqMSTEueng6Ag+vgah3JzKZme/STbKBbAIIZjraNNjaLdGj/qfNksvEnZ0EGZefxp0b/ttmVlzb2J5HxzYceTah2yDfBOZ2fcUN/oW7nf82irJOpIhDDOgCNQkkk9eE9moQgGSX5Q2tAgCNeYbWe5uLNn+945CwXoPs51Ywz3cl+aCtcFcKvBL0XkdsRBTwexMAhzAv0g0ECL4INIzIIq+iRUPrSC5vNRrg4CSJDK2U17CPC0URz1NDM9wNYTPc8LnJ3jaH1M2wMc4zqOc3HecaXuCzDxUvLEtwcglp0GWhrZ9w1+aIwjGLdaoIDbarNIejASIdlnkhVFGFL8VU7V0p2VcnjQVwpQPfH0+xnc/NnOX+7bpRTgZ25gTvnu289eFRL7zu1patp96OP3PvjPvsfUfPAijZ/sHJP1uMEmA9npa9gZ0ObbGfZQCLLZpgWbRDF00KnI4B538BnIoLORUQGQf0jLVvUcZGvfx/EPlb/698tnXW0JHR1conYIwq0ungelxJfK58rpuSW76FeNWM1xeBzkOMtRdJCDNgjqBoaVpTWa0vA4lswwqgZ5eSD2R6NfO0YF23wNvA6Fh4m6ANNOmXSGnQyx6JDVVz9LLLTO8i0cETwrNDfGcnXmYVPpzMPW0jvmPYdCvzsxaX7vFNYKsVp1ypRLV6dQzwP2aFR1TEvik4QkMUmXpE8yJElJxozAjKCM4IyQjNCMsIwRGeEZERvJRn6jsFHcqNuo32jYKG00Ngc2BzUHN4c0hzaHNY9oDm+OiIECjHXIIXjQwcvwU0rukejKGVs8j6XmzZ78WNqM/LRHH40qyyhwkyvTc88rH/at4jZ9Ub/uk74N3KZ/1NJPfsmSKRl5VBYgN34e+x5tpMNPpPU/2sr/Xi/gceAjaLykftmnFgiWK/1fAVljLhNP30LO3ffQWVoFTW/vm8jsopzKltUJPijLEYl9iA/UAT5QBxh1rQKGQgCbJBSh50Vf00izpbf3AhMb9Qk6sg36fo5mHmgKSQqwGcPcnvtQicPvRH328stn+rYI4b2fk9d7Ux5R9mHXccrLO4CbfuNM+2GTeiwWQcah8SKt2CkG1bsDot45y53vdQndrFvh0PPKHGIBM/JBVjTJES4gLO3U46PE0mV+iJzUn7IZ9ZyB8+VFM7KxeqmrSysB2OG0atMCC7H+otqrUZK5eVCqXXv6N8pnCxZ0dPiTT5q/3XnqrX3rxd9cVn1oA/hQHus5RqLJjmg/EbUG/tbis8N0r6U1Wmwd0RLdZvcTCY6MNkSYYkMi7ZbeSz2MFYu3fr12hVYe3loVPIqw2tVmZQdIkLxSZButJaNjudJNu3dvumfrlosZ9846cTqxvebPX/zzr5j/SvlA+Tx/D9fy/COPPP/73z15uG/b8/ZROAqHuFZg6ep/YYOyXfEoW5T6SNonbQaaCxnNMSgRZTvswSbUOkpsjRjbaoNOadTjScGmkbdEBIyM8DVEBIRFkwjfqMgkKL17WO3NZKW1vPSOBoNB3/TYvedw/V9wxkSPhBm/QWdgXMWW3Q80bd39gPLqpvu/euP8V/dvatmvKJcuKd/tn7VxzdqNG9at2cidbt2+va1157YHS6Oe2XDk/PkjG56Jinpl/6uXPj5z4Axeuvruu1ev3bhJ1YO39wsGPUx1xOgiQ1qlyFaL9Fse70D38q2BLZY2e3QEivWJ1okjsB9VRE8P6KK/cP9E5SwJawU7i2mQ6GNkTq3kBzNJPqQaeCmJauDqB0rvVzgG+8/Yo3ywac8eUNBW4RlQgPKh8jfXCuXrf36lXMeN+H68Fu+K7KvyKkmNY999TF4Ae7eieEeQSafH6Ajf6qtvlbb6ttkMuggjSrVZei94z+jBYP5ELXWi1t4wg7XQvq76jpMVzXcpm7lpb329pHNqz223PXCW5LT32pRPP4tn+Y6zkHauE3ARZHsWg2chnlMDrOVqFzsV5jqfhCxJfwjDaKM5qZDl3ThHoBZX9K387yUsGFhoSVEzb1dX/5fdA8EF3qfJyr5S7t6+Ou547yoaYfLa+z7WzhYKAHYT5F4jetwxXQgSoa8IIryOfgg85jAJ4qDSDYKVUpBBwvTDKEGVbAiCGjlL0vGY10Ne5rQRl68X6Tdq0B1q51qXkoN+8IxvWL7Wsco4woBFXTmu1K3Ea3SiDgMtUoCUzo+XFvBzJD3kbwMXY8DwD9I4f6fiwR3dSofyXDfuUDyv4Tg8il/S9/e+DvyiksFN54KVFfgB1Ta3KcV8JL+K5dkUx4j+PNvp2xZ2KuRkOMuy0yDf3jpwmjz4+4fBp8d46BdHkBULtjQ1bdvW1LSFCx3b5j5z+e+vQqp97jluDE213e+927e9ZD706lYciNPnljT/6zrrJ4tJO9nAbAHypsMs4G1QVOnBIkSep99AvM/MAuIkMwz6IhuePK+ZBzMRjtVlxdpvJEY7AkQoWFCrr4h8DTqSbBqni7Ak2bw/3dBK254kuzzBaomNirH6sfYqDgh7Bn336pnv0BIXnoNzlBeUduX8oW/xdDzz229XCYnKHmWj8nPlAfozJE49L4U+WIBsZ3f46Q+K7ND0CYnwKBzrwkUJqnV40bNT7WtHdnxKqKjYEaoPVBHqKSp5WTlPbfEs/d0ivxQgznOMILQX0wdx9Hvbo+gk1M16gnicj8RciX5noR2kU1b6rYtZ0SQ9bW4DJpBJ+lwyQz+XzNO7yXJ9I1mrlxaBW9DCNxVHfUzG9q3nNvce4zb3PcAvfaz3/ZZ2Yld/cwF0TAQ2RZTqCBHsQAKxQ1GaJYDfEYFgHkejSB39PYVKw3ASKJIYHLWDPNH32Vucvi9V6J5zYxP9tohDjRAfF3rPxqAraPUlrQEtvm3BKNk0QUy2pQb3/4JJ/e7eey4EQdBv0Jhs27K3bcuWtr1b3vq6r+/61719X3OXcT4OVT5VngV3+BSH4HxlrbIR34234i14o7KR8QY0FC2sXpzz8GLfKddQpJ79BPGVuMkTB36QqEznz0PXgpC+fwr26aqV8EG/WsTDfsWI+fOoAu1GzSC9Q+gMlSH8bcPLUQ86Ah3LOqhmTqFOyHOnUDfcNaEKvBvNgbtt6Dp6EDVhF90LtacdniLcjhdCz3aAPXdBBHwRnlRDhVUOlcnzaAM8a0LVnAWeFACWYnjvBvvZgRoBayyqQm9iGTfgA1wEvNq5T0kCeYJ8xAfzP+P/BE3EbKFOaBdlsUL8q65UV6d7Ux+oX6k/qL9h6DRckKKlCmm79JUxz9hjCjblmO42tZs+9bH5zPP5hc+7Pv8wrzQ/bH7f/I3veN97fb+xlFq2Ww5a3rDmWe+zHrH22AJtC2xbba8wCWWjJPBsNfpYUBuVqDAXW8FreJgLxOZ+OS7ulymGlYu1MQfrPNoYqnFUr415GG/WxgIygdzVsYjMaL82ptHgd9rYiMJB9urYx7AbvaeNzVCV1gBkzBvgrlM6qI0xko1LtDGH9MaN2pjA/FZtzMP4MW0MVaLxFW0sohHGj7SxHkUbe7WxEaWbIrSxj1+saZ42NqOKyLuzPbVr6iqXVTTIo8vi5OSkpBR56Ro5q7KhvqHO7ayOl/NryhLkzKoquZiuqpeL3fXuupVuV4KU417unNMol1U4a5a562VnnVuurJFrG5dWVZbJLk+1s7LGu6bEWVMvz/LUeLI8nhXD54bfz3HX1Vd6auTkhJRx6jP6aNDKck8NENIA5FU0NNSmJya6YH5lY0K9p7GuzF3uqVvmTqhxN+SxZZQsylo/S/LoerdbXuqu8qyKS5D/DSYSJGlgMxDnlFXI/aKTxv7onyT994UsD8NcCSTKDXVOl7vaWbdC9pQPhyJJs9111ZX1TIKwusJd5wZcy+qcNQ1uV7xcXgfMwzZgGMQULzd4ZGfNGrkWZA4bPEsbgOHKmmWApQyIpisbKtyaxJ1lZZ7qWlhOFzRUAHQQkrumHgQczUQSHQfAXLKzvt5TVukEfCDBssZqd02Ds4HSU15ZBTIeTSGyDXKJp7xhFcg8Oo5RUueurfO4GsvcDIyrEhirXNrY4GY0DNkQD1oqq2p0UUpWVTZUeBobgJjqSg0RXV+nihLANtbDespOvFztZlwz/dZXxA/CEU9xJnrq5Ho36AFWVwKpGvvDUFPiAGwtFXSDJjqGaFWFp/r7G6gayhvragChm210eeR6T7xc37h0ubusgc6oMq4Ck6QMlXlqXJWUj/p0SSqFR86lnpVuxoFqRYyAfiOo8TSAGurVWaqV2gELUJ/J9RVOYGqpW5MakAFG7hzCp6cG7KJOrvbUuW/KttywptZd7gRECSpRQ59WO9dQ+NUeV2V5JTU0Z1UDmB4MAKjT5WKcq6Kj/uWsA7oaq5x1DJHLXV+5rIaRsaxqTW1FPd1ELdRZBkDq6Q4vPfXDMakW51IF5qwaBGAYEG2fl5YBiEBiTdUauXKIqQNLdW76n1mwtXRQT4VJdeN1ETfYnVtlYJWnzlUvR/f7YjTF7X0gR1PXjWZiA+0UaD6z1A3eRKE2gh4oEys9lf2EuVc3gNfIztpacDHn0io3faDyD5CHKabC2SBXOOsBortmqFwA3YCFu+TGGpdGcPTQuBKtcvhjmq33VFHPZqqjinLKVTSCgL94F9Y6y1Y4lwFj4Is1nv748e8b1hBUELSARHdVOSVqeq6cV1RYKpcU5ZXOzSzOlfNL5NnFRXPyc3Jz5OjMEriPjpfn5pdOL7q9VIYVxZmFpfPlojw5s3C+PDO/MCdezp03uzi3pEQuKpbzZ80uyM+FufzC7ILbc/ILp8lZsK+wqFQuyJ+VXwpAS4vYVg1Ufm4JBTYrtzh7OtxmZuUX5JfOj5fz8ksLKcw8AJopz84sLs3Pvr0gs1iefXvx7KKSXICRA2AL8wvzigFL7qxcYAIAZRfNnl+cP216aTxsKoXJeLm0ODMnd1Zm8cx4SmERsFwssyUJQCXAkHPn0M0l0zMLCuSs/NKS0uLczFl0LZXOtMKiWVRGtxfmZJbmFxXKWbnASmZWQa5KG7CSXZCZPytezsmclTktt2QACV2msTMgDrphWm5hbnFmQbxcMjs3O58OQI75xbnZpWwlyB4kUcDIzS4qLMm97XaYgHVeFKCQ6bkMBTCQCf+yGWWM/UJgl8IpLSou7Sdlbn5JbrycWZxfQknIKy4Ccqk+YQfl8XaQJ1VeoUYv1RGd+751wCq6W2MwJzezAACWUDK+txasK3d1mbu2gdq25txqeGShVI2f8cxq1SAAJjytBhxXnWNDsGfwLJZ51Ag34Fw0Jcdr4ZeGD7BuyEZq+HWtdEMUrKehBPzDQ4PJqsp65umQBqs9Wt6rd1YBMtjVvwripbMKttX3kznUobwJsbauErasqqtsgGAiOxthtq5yrZaK67RUNZwDimU4/XXu+lrIVJUr3VVrEmBtHc1njJLKGii3qjXWmfjKGtK9MbRBXsaAu4BxKMoSZOlH67XEVZUrKhMrIUatTqitqE3UAiXU8h5Ui9agOlSJlkGv04BkNBqVoTj4TIY6PwmlwGgprJBRFqxpgGq9AVa7kRM6l3iYzUc1sD4BRpnQoVTBZ3E/rHp254ZPN+xZCVcXrJRQDoyWA4Q50NnIsLsCxjWwx812OBl8GaDUwLUW1iwFuJWwTob9HsDrZM+GwylhUCiEWbCqBt5Z8PagFT+57qeez2H01wNWD6MpGbhIQeOG7PPuujnMcjarSqRBkx6VUAPwlw79YyJwpq5fCesTYJ0HPuuAZzfbW8ekkwAw3LAnbxA0r7S8Wvu+lugzqgE306QbZOlBq2At1dn/Hk1QnUo3xaxKzgmjwTR/3+okNPZ/8KLY/29Y8s2lPcBzpSZFmT13Mh1XM6mugDkPaPanaKGczWbwqhm0ARtUYVewZ26Nr2UMSw2zMBeDU86euvuxqRpWrSme0eVhFNaw/bWanasYPAC1QdNwJbMKlZcyTdJemA2MiqE27oRVZcxCajXoXgh0tUq7aklu5jWqBUcPspJopjm618U+6xldZbDHqfGn2mAZWGU1g9LAnnjlUw6jKs2OR/fTOICB+jmlvwF8QbVzinFAJnSmFq4ewNLI6BygxsU4aGC2thSeNrCnXhw/jCFe86UyoKyRQVFlsorZQAXz+QZNMtVsbjBHXvh1Q6xSpbaRyTB+kHbouJrp06vrAf+th93xP8BHfD+fiSzuyAyy6g8q7EpNqkO1/+NceyWnUlvbb9ENw6xugKNVTB7V/xYGrzeUs5hZo3HoHoTRxa4URzz7pJJYDivKGDx1zWA7rtKipFdDZQy3i1FcqVGazryzVNvlBIgeFhkGdDA4Fg1I4PuRgOaLBs0b6oes9frKgMQGx4DB+2TGs1PT1NL+uO21NVUaaiR3/og+PSzHyJruq9nnQPz4d3TRAJzXsrzl1DhKGCKpH9tLZbKmn/5q5n2VzJe9EY3S3qBFPXVGpZTK1DVI54Otzpu/KBZVXo0Axcn2eTlyMUqpvmoGSWMZrKPcVGhzdYNiqJNZj2q7XhzD5VP/kzwNjnGuIRbmZDq6GQU/TslQfMPlcjMa4zW9V7F9lT8S1eu0CORm9FUPgeudqe+3TK/fDM8ibi3euYdoYBXjysX2R98kL0b38z18B13vzbrRg6xN9Z2CYXlmKfN7zyBaGzV/8GpiJTytvInE3Gg1k3ON5tG18FKzmJNFVnf/jsH6V2n+cY+pYJFeZp/1Go1uZlE/bC8qdzeL4fRpI1s1VMI3k6o8SHKDdfjf9dl6Fj29OXvA67weRSuIqv4apE7bMRRiLbPoFXBdpmlMzYs1TLbD64//ExHrh7laqvlIg5YXy/slNR3lMjxFqBDuKJ4iuCtFc6GeLGbP8mFOhnquGJ7MgbscmM1heslkT+jzaOaNc2FMIRah2xksFUYxXCns+TBDYcvsnt7NhPWFAIvuzUXzGI5cgFbCVhYz2LNgtgA+c7V1dEc2zNwO93Q8DdFqVMVXCLtKme/QfZQWldJSmB/AOpSqfIbRS9ksuCsG+NO1p5kAO5/Bo/THM0nRcWE/nXkapZlMRhQyhZkNFBWwOzp7O3zOhnUlTJ6ZjGeV2kLGQx48V3nJZRSomlApyobP2YCbrpgGdJUyKiimUm1lPOOQ8pPD9lOsM9msSlmRpmU6HoCSoMlSpYPKf04/5hLGfwG8ZMZ/KcyUMt1kAnwvXK/tTGMQZvXb0e2Mv0wmhyKGIYs9o1Kk8izoX1k8SCvZTF5Ub5TyHIYpk0mk5KaceKEN1c7NrMOLYRrjL5dJqoCtLgE55sL6/P4Z1R7zGa/ZmmxVmKrdqzZRMEi62YxHqtnbAGuuZlOZTHZDuVA9hNI/wIWqgUztmj1IZgPaL9S0m92v6yJmZd+Xylzmi7lsVSbTdUm/FPKY/87SKL99kIV59Xi7Zp9F/ZQNla/Xj7zr/p3YocLy4h6qwRxmTwUahSX90vhpuGrsyoW8Vsb6nYb+uD00cw+uHgeq0sH1Z/ygWDu4ElCj8DS2tnrYuoFZNT6rOWug5xlcw90sc3m7ZLWmH6h+vdWHGrvV3mhw9etidbpaC9b3VyVq/vD0Vyar2NOBnK52g9VsxeB+r57hVTlr1HYMh6XWl05WLVBs9TeR5o9lqOEdYi3L9yqWVWzcoFUmlL9GbS2dXzusK64b1lX9lA68vPyU/OuYvmu1nqqSSZjWkwka3Drk7c8GZEIloJ5uVQ/T+oD1UWjpaHgdSmWwbBDlLk3j6kkZxSn9D87XEpm8V8A7kdHoYpVfAqvCa2FuaEWp/hYCfXc3WoBu8vcctxEHHNmzSMgcgQNQCyJw3cj+n0EKjP3Y1YZscLWysYVdfdFeuJrZ2OfI59OETDv2QevhzoTscDWiZLhKDJ6BrdIjM1x1bCyyNQIb82yesBmOzWDHfIUoCulbT3oV8q1CbiSTfx0j36wnX1/fKXytkK9P8NevzReu7yTXN/LXrsYK1+aTaw7+aiz551eJwj9vkK8SyX8p5B8K+TKZXPEnX7SQHiCxRyE9Hd+dd3zHfz6NfHbZJXzWQi67yN8V8rdPw4S/KeTTMPKJQi6tIB8r5D+PkYsfhQgXb5CPQsiHLeSvCvlAIe+/FyC8r5D3Asi7LeQvfw4Q/qKQP+8yCn8OIO+sJ2+nk2646U4nFxTy1puS8JZC3pTIeYW8oZBz263CuRHkT4HkdYW81kLO7rALZxXyqkLOrCevKORlhbykkNN7fYQuhZxSyEmFvKiQEwDvhD85biKdfzwmdCrkjy8sEv54jPxxI//CMbvwwiLygoM/ZifPK+S5FtLRnCk8q5Cj8HH0BvkDwHpGIU+7yBEX+b2ZHLaRpxTypOLoI79TyBMK+a2NtCvk8cfMwuPJ5DEzefSQVXh0NDlkJb95ZKzwm/XkkbHk1wo5qJBfKeTA/hDhgIvsf9gi7A8hD1vILyWyTyEPAZKHFLLXh7Q9mCC0KeTBBNIK+FtbSMsDx4QWhTwAtvXAMfLARn7PfXZhzyKyx8HvVsgvFHI/3N9/jNxnJ80gjOZMci9we68/2WUkO2Fip4vsAKHtsJPtVrJNIVsVskUh9zRZhXsU0mQl/6GQzQr5uTVL+HkJ2aSQjavJhrvXCxsUcvd6sj6C/Ewh68xkrUJWKWSlQhobTEKjL2nswMjxLt9gIg0n+HobqXfwdQq5SyG1CvHUlAieFlJTPVqoKSHVo0mVQlYkk+UKqUwmFTfIsmOkXCFuhbgUUrY0QihTyFJkEZZGEKdClihksULuXGAU7jSTRS6y8BVyB9zc4U8WGAlY9Dx/MlchcxRye1iIcHsyKVVIiUKKFXLbejJbIUX+pFAhs/BYYZZCCo6RmaPJjPxgYcZEkp9tE/KDyfTcYGG6QqbB3TQXyYO7vGMkN5jkwETORJKdZRWybSS7g3M4DHxWpq+QZSVZHRyCu0yHWcj0JZkd+ATcOTJMgsNMHB14I9xlmAxCholkdGCHw8XfqpCpQMLUG2SKQiaPJukKSQMBp7nIpHGhwqSZZKJCJoz1FyYoJHUmGZ8UKoyfSVLgI0UhybAwWSHj4PG4UJIUShJhlBhMEgyBQsIxMjbeTxjrT8Z2cBRtvMUqxPuReEpuCz/mFrswRiG3wMpb7CSOSxfiFDJaIaMUEutL7IFZgj2XjPQlMQqJ9vUVohUSJY8VotYTeSyJnEkiAHOEQsIVMgJkO0IhYaCVsBASqpAQhQQrJAggBOWRwICxQmAWCfC3CAFjib+F+ME6P39ig/02hViBc2sWsQAGi5VYVNn5mk2Cry/xVWVn9pEEs4mYVdn5gOx8JOIDsnuGNxmIidrWRN6oEAk4kRRiCCR6C9EpRATQokIEf0KAOXKDcDDBpRMMBOCxBFkI7sCupl14zP8/f+j/NgH/w79w9L8A6WYpZAplbmRzdHJlYW0KZW5kb2JqCgo5IDAgb2JqCjEyODA4CmVuZG9iagoKMTAgMCBvYmoKPDwvVHlwZS9Gb250RGVzY3JpcHRvci9Gb250TmFtZS9CQUFBQUErRGVqYVZ1U2Fuc01vbm8KL0ZsYWdzIDUKL0ZvbnRCQm94Wy01NTcgLTM3NCA3MTYgMTA0MV0vSXRhbGljQW5nbGUgMAovQXNjZW50IDkyOAovRGVzY2VudCAtMjM1Ci9DYXBIZWlnaHQgMTA0MQovU3RlbVYgODAKL0ZvbnRGaWxlMiA4IDAgUj4+CmVuZG9iagoKMTEgMCBvYmoKPDwvTGVuZ3RoIDUwOC9GaWx0ZXIvRmxhdGVEZWNvZGU+PgpzdHJlYW0KeJxdlMuOm0AQRfd8BcvJYgRUtZsZyULy2GPJizwUTz4AQ9tBigFhvPDfh1u3k0hZGB2arupTZYpse9gd+m7Ovk1Dcwxzeu76dgq34T41IT2FS9cnhaRt18zxzq7NtR6TbIk9Pm5zuB7687BeJ9n35dltnh7p06YdTuFTkn2d2jB1/SV9+rE9LvfH+zj+CtfQz2meVFXahvOS53M9fqmvIbOo50O7PO7mx/MS8m/Dx2MMqdh9QZVmaMNtrJsw1f0lJOs8r9L1fl8loW//e+Y9Q07n5mc9LVuLZWuer1bVwkIWsBq7d7Aj2/qK/Ar23K/g0lhy8AvXS/Crsd+DN8al5Xnj+ht4S7acO7Kd+062PHueCy5y5oFzQf8S5xbR34Hp71/A9C/hWdDf2x76+wJM/xIOBf1lC6a/24Hp7y0P/dWY/mp56K+osaC/mhv9BXmE/gp/ob9DHqG/bsCx/8gp9Pe2n/4l+iD0F9Qosf/wF/qXqFFi/1GLRH8Ppr+zWPqXtk7/FZwl9h+1SPTH/6L096hFoz9iNfrjXI3+OFejP+pS+is8lf4KB6W/Wh76O9tPf0G9Sn+HPij9S4uN/uiV0l/grPR35kN/xfvm4vuD/I7+ivyO/o6DEycEI4QZ/zOaaXOfpmUs7UNg84hJ7Prw91sxDiOi7PcbCRkFzQplbmRzdHJlYW0KZW5kb2JqCgoxMiAwIG9iago8PC9UeXBlL0ZvbnQvU3VidHlwZS9UcnVlVHlwZS9CYXNlRm9udC9CQUFBQUErRGVqYVZ1U2Fuc01vbm8KL0ZpcnN0Q2hhciAwCi9MYXN0Q2hhciA2NgovV2lkdGhzWzYwMiA2MDIgNjAyIDYwMiA2MDIgNjAyIDYwMiA2MDIgNjAyIDYwMiA2MDIgNjAyIDYwMiA2MDIgNjAyIDYwMgo2MDIgNjAyIDYwMiA2MDIgNjAyIDYwMiA2MDIgNjAyIDYwMiA2MDIgNjAyIDYwMiA2MDIgNjAyIDYwMiA2MDIKNjAyIDYwMiA2MDIgNjAyIDYwMiA2MDIgNjAyIDYwMiA2MDIgNjAyIDYwMiA2MDIgNjAyIDYwMiA2MDIgNjAyCjYwMiA2MDIgNjAyIDYwMiA2MDIgNjAyIDYwMiA2MDIgNjAyIDYwMiA2MDIgNjAyIDYwMiA2MDIgNjAyIDYwMgo2MDIgNjAyIDYwMiBdCi9Gb250RGVzY3JpcHRvciAxMCAwIFIKL1RvVW5pY29kZSAxMSAwIFIKPj4KZW5kb2JqCgoxMyAwIG9iago8PC9GMSAxMiAwIFIKPj4KZW5kb2JqCgoxNCAwIG9iago8PC9Gb250IDEzIDAgUgovUHJvY1NldFsvUERGL1RleHRdCj4+CmVuZG9iagoKMSAwIG9iago8PC9UeXBlL1BhZ2UvUGFyZW50IDcgMCBSL1Jlc291cmNlcyAxNCAwIFIvTWVkaWFCb3hbMCAwIDYxMiA3OTJdL0dyb3VwPDwvUy9UcmFuc3BhcmVuY3kvQ1MvRGV2aWNlUkdCL0kgdHJ1ZT4+L0NvbnRlbnRzIDIgMCBSPj4KZW5kb2JqCgo0IDAgb2JqCjw8L1R5cGUvUGFnZS9QYXJlbnQgNyAwIFIvUmVzb3VyY2VzIDE0IDAgUi9NZWRpYUJveFswIDAgNjEyIDc5Ml0vR3JvdXA8PC9TL1RyYW5zcGFyZW5jeS9DUy9EZXZpY2VSR0IvSSB0cnVlPj4vQ29udGVudHMgNSAwIFI+PgplbmRvYmoKCjcgMCBvYmoKPDwvVHlwZS9QYWdlcwovUmVzb3VyY2VzIDE0IDAgUgovTWVkaWFCb3hbIDAgMCA2MTIgNzkyIF0KL0tpZHNbIDEgMCBSIDQgMCBSIF0KL0NvdW50IDI+PgplbmRvYmoKCjE1IDAgb2JqCjw8L1R5cGUvQ2F0YWxvZy9QYWdlcyA3IDAgUgovT3BlbkFjdGlvblsxIDAgUiAvWFlaIG51bGwgbnVsbCAwXQovTGFuZyhlbi1VUykKPj4KZW5kb2JqCgoxNiAwIG9iago8PC9DcmVhdG9yPEZFRkYwMDU3MDA3MjAwNjkwMDc0MDA2NTAwNzI+Ci9Qcm9kdWNlcjxGRUZGMDA0RjAwNzAwMDY1MDA2RTAwNEYwMDY2MDA2NjAwNjkwMDYzMDA2NTAwMkUwMDZGMDA3MjAwNjcwMDIwMDAzMzAwMkUwMDMyPgovQ3JlYXRpb25EYXRlKEQ6MjAxMTA0MjkxMjAyMDItMDQnMDAnKT4+CmVuZG9iagoKeHJlZgowIDE3CjAwMDAwMDAwMDAgNjU1MzUgZiAKMDAwMDAxOTQwMSAwMDAwMCBuIAowMDAwMDAwMDE5IDAwMDAwIG4gCjAwMDAwMDMwMjUgMDAwMDAgbiAKMDAwMDAxOTU0NCAwMDAwMCBuIAowMDAwMDAzMDQ2IDAwMDAwIG4gCjAwMDAwMDUxNzggMDAwMDAgbiAKMDAwMDAxOTY4NyAwMDAwMCBuIAowMDAwMDA1MTk5IDAwMDAwIG4gCjAwMDAwMTgwOTIgMDAwMDAgbiAKMDAwMDAxODExNCAwMDAwMCBuIAowMDAwMDE4MzA5IDAwMDAwIG4gCjAwMDAwMTg4ODcgMDAwMDAgbiAKMDAwMDAxOTMxMyAwMDAwMCBuIAowMDAwMDE5MzQ2IDAwMDAwIG4gCjAwMDAwMTk3OTIgMDAwMDAgbiAKMDAwMDAxOTg4OSAwMDAwMCBuIAp0cmFpbGVyCjw8L1NpemUgMTcvUm9vdCAxNSAwIFIKL0luZm8gMTYgMCBSCi9JRCBbIDw3QjQ1OTE1Q0FBNkVCNEVFMjcxRkQ0QTE0QzlEMjMyMT4KPDdCNDU5MTVDQUE2RUI0RUUyNzFGRDRBMTRDOUQyMzIxPiBdCi9Eb2NDaGVja3N1bSAvNjVDQzc3NTY1NUUxQ0RDMzExNDNCODAyNDdFNUY3MEQKPj4Kc3RhcnR4cmVmCjIwMDc2CiUlRU9GCg==</data><filename>urnbis-ietf80-minutes.pdf</filename></attachment></attachments><category>NONE</category><text><line number="0">here is the file.</line></text></message><message><attachments/><category>NONE</category><text><line number="0">Ticket Status: Assigned</line></text><subject>Ticket Status Update</subject></message><message><attachments/><category>NONE</category><text><line number="0">Ticket Status: Pending Review</line></text><subject>Ticket Status Update</subject></message></messages><ticketNo>20110718-X21</ticketNo><updatedDate>2011-07-18T17:30:07-04:00</updatedDate><webTicketStatus>ASSIGNED</webTicketStatus><webTicketType>ORG_CREATE</webTicketType></ticket>